2012-11-12 10:15:58 Error: [MissingActionException] Action PostsController::admin_index() could not be found.
#0 /Library/WebServer/Documents/thorpe-obazee/lib/Cake/Routing/Dispatcher.php(186): Controller->invokeAction(Object(CakeRequest))
#1 /Library/WebServer/Documents/thorpe-obazee/lib/Cake/Routing/Dispatcher.php(161): Dispatcher->_invoke(Object(PostsController), Object(CakeRequest), Object(CakeResponse))
#2 /Library/WebServer/Documents/thorpe-obazee/app/webroot/index.php(92): Dispatcher->dispatch(Object(CakeRequest), Object(CakeResponse))
#3 {main}
2012-11-12 10:16:25 Error: [MissingActionException] Action PostsController::admin_index() could not be found.
#0 /Library/WebServer/Documents/thorpe-obazee/lib/Cake/Routing/Dispatcher.php(186): Controller->invokeAction(Object(CakeRequest))
#1 /Library/WebServer/Documents/thorpe-obazee/lib/Cake/Routing/Dispatcher.php(161): Dispatcher->_invoke(Object(PostsController), Object(CakeRequest), Object(CakeResponse))
#2 /Library/WebServer/Documents/thorpe-obazee/app/webroot/index.php(92): Dispatcher->dispatch(Object(CakeRequest), Object(CakeResponse))
#3 {main}
2012-11-13 02:38:07 Error: [MissingControllerException] Controller class Favicon.icoController could not be found.
#0 /Library/WebServer/Documents/thorpe-obazee/app/webroot/index.php(92): Dispatcher->dispatch(Object(CakeRequest), Object(CakeResponse))
#1 {main}
2012-11-13 02:38:35 Error: [MissingControllerException] Controller class Favicon.icoController could not be found.
#0 /Library/WebServer/Documents/thorpe-obazee/app/webroot/index.php(92): Dispatcher->dispatch(Object(CakeRequest), Object(CakeResponse))
#1 {main}
2012-11-13 02:39:40 Error: [MissingControllerException] Controller class Favicon.icoController could not be found.
#0 /Library/WebServer/Documents/thorpe-obazee/app/webroot/index.php(92): Dispatcher->dispatch(Object(CakeRequest), Object(CakeResponse))
#1 {main}
2012-11-13 02:39:41 Error: [MissingControllerException] Controller class Favicon.icoController could not be found.
#0 /Library/WebServer/Documents/thorpe-obazee/app/webroot/index.php(92): Dispatcher->dispatch(Object(CakeRequest), Object(CakeResponse))
#1 {main}
2012-11-13 02:39:43 Error: [MissingControllerException] Controller class Favicon.icoController could not be found.
#0 /Library/WebServer/Documents/thorpe-obazee/app/webroot/index.php(92): Dispatcher->dispatch(Object(CakeRequest), Object(CakeResponse))
#1 {main}
2012-11-13 02:40:09 Error: [MissingControllerException] Controller class Favicon.icoController could not be found.
#0 /Library/WebServer/Documents/thorpe-obazee/app/webroot/index.php(92): Dispatcher->dispatch(Object(CakeRequest), Object(CakeResponse))
#1 {main}
2012-11-13 02:40:52 Error: [MissingControllerException] Controller class Favicon.icoController could not be found.
#0 /Library/WebServer/Documents/thorpe-obazee/app/webroot/index.php(92): Dispatcher->dispatch(Object(CakeRequest), Object(CakeResponse))
#1 {main}
2012-11-13 02:40:52 Error: [MissingControllerException] Controller class Favicon.icoController could not be found.
#0 /Library/WebServer/Documents/thorpe-obazee/app/webroot/index.php(92): Dispatcher->dispatch(Object(CakeRequest), Object(CakeResponse))
#1 {main}
2012-11-13 02:40:56 Error: [MissingControllerException] Controller class Favicon.icoController could not be found.
#0 /Library/WebServer/Documents/thorpe-obazee/app/webroot/index.php(92): Dispatcher->dispatch(Object(CakeRequest), Object(CakeResponse))
#1 {main}
2012-11-13 02:40:58 Error: [MissingControllerException] Controller class Favicon.icoController could not be found.
#0 /Library/WebServer/Documents/thorpe-obazee/app/webroot/index.php(92): Dispatcher->dispatch(Object(CakeRequest), Object(CakeResponse))
#1 {main}
2012-11-13 02:41:06 Error: Fatal Error (4): parse error, expecting `','' or `';'' in [/Library/WebServer/Documents/thorpe-obazee/app/View/Themed/PollableGreen/Pages/about.ctp, line 7]
2012-11-13 02:41:06 Error: [InternalErrorException] Internal Server Error
#0 /Library/WebServer/Documents/thorpe-obazee/lib/Cake/Error/ErrorHandler.php(161): ErrorHandler::handleFatalError(4, 'parse error, ex...', '/Library/WebSer...', 7)
#1 [internal function]: ErrorHandler::handleError(4, 'parse error, ex...', '/Library/WebSer...', 7, Array)
#2 /Library/WebServer/Documents/thorpe-obazee/lib/Cake/Core/App.php(926): call_user_func('ErrorHandler::h...', 4, 'parse error, ex...', '/Library/WebSer...', 7, Array)
#3 /Library/WebServer/Documents/thorpe-obazee/lib/Cake/Core/App.php(899): App::_checkFatalError()
#4 [internal function]: App::shutdown()
#5 {main}
2012-11-13 02:41:14 Error: Fatal Error (4): parse error, expecting `','' or `';'' in [/Library/WebServer/Documents/thorpe-obazee/app/View/Themed/PollableGreen/Pages/about.ctp, line 7]
2012-11-13 02:41:14 Error: [InternalErrorException] Internal Server Error
#0 /Library/WebServer/Documents/thorpe-obazee/lib/Cake/Error/ErrorHandler.php(161): ErrorHandler::handleFatalError(4, 'parse error, ex...', '/Library/WebSer...', 7)
#1 [internal function]: ErrorHandler::handleError(4, 'parse error, ex...', '/Library/WebSer...', 7, Array)
#2 /Library/WebServer/Documents/thorpe-obazee/lib/Cake/Core/App.php(926): call_user_func('ErrorHandler::h...', 4, 'parse error, ex...', '/Library/WebSer...', 7, Array)
#3 /Library/WebServer/Documents/thorpe-obazee/lib/Cake/Core/App.php(899): App::_checkFatalError()
#4 [internal function]: App::shutdown()
#5 {main}
2012-11-13 02:42:02 Error: Fatal Error (4): parse error, expecting `','' or `';'' in [/Library/WebServer/Documents/thorpe-obazee/app/View/Themed/PollableGreen/Pages/about.ctp, line 7]
2012-11-13 02:42:02 Error: [InternalErrorException] Internal Server Error
#0 /Library/WebServer/Documents/thorpe-obazee/lib/Cake/Error/ErrorHandler.php(161): ErrorHandler::handleFatalError(4, 'parse error, ex...', '/Library/WebSer...', 7)
#1 [internal function]: ErrorHandler::handleError(4, 'parse error, ex...', '/Library/WebSer...', 7, Array)
#2 /Library/WebServer/Documents/thorpe-obazee/lib/Cake/Core/App.php(926): call_user_func('ErrorHandler::h...', 4, 'parse error, ex...', '/Library/WebSer...', 7, Array)
#3 /Library/WebServer/Documents/thorpe-obazee/lib/Cake/Core/App.php(899): App::_checkFatalError()
#4 [internal function]: App::shutdown()
#5 {main}
2012-11-13 02:42:19 Error: [MissingControllerException] Controller class Favicon.icoController could not be found.
#0 /Library/WebServer/Documents/thorpe-obazee/app/webroot/index.php(92): Dispatcher->dispatch(Object(CakeRequest), Object(CakeResponse))
#1 {main}
2012-11-13 02:42:31 Error: [MissingControllerException] Controller class Favicon.icoController could not be found.
#0 /Library/WebServer/Documents/thorpe-obazee/app/webroot/index.php(92): Dispatcher->dispatch(Object(CakeRequest), Object(CakeResponse))
#1 {main}
2012-11-13 02:42:38 Error: [MissingControllerException] Controller class Favicon.icoController could not be found.
#0 /Library/WebServer/Documents/thorpe-obazee/app/webroot/index.php(92): Dispatcher->dispatch(Object(CakeRequest), Object(CakeResponse))
#1 {main}
2012-11-13 19:10:58 Error: [MissingControllerException] Controller class Favicon.icoController could not be found.
#0 /Library/WebServer/Documents/thorpe-obazee/app/webroot/index.php(92): Dispatcher->dispatch(Object(CakeRequest), Object(CakeResponse))
#1 {main}
2012-11-13 19:10:59 Error: [MissingControllerException] Controller class Favicon.icoController could not be found.
#0 /Library/WebServer/Documents/thorpe-obazee/app/webroot/index.php(92): Dispatcher->dispatch(Object(CakeRequest), Object(CakeResponse))
#1 {main}
2012-11-13 19:11:01 Error: [MissingControllerException] Controller class Favicon.icoController could not be found.
#0 /Library/WebServer/Documents/thorpe-obazee/app/webroot/index.php(92): Dispatcher->dispatch(Object(CakeRequest), Object(CakeResponse))
#1 {main}
2012-11-14 02:10:04 Error: [MissingControllerException] Controller class Favicon.icoController could not be found.
#0 /Library/WebServer/Documents/thorpe-obazee/app/webroot/index.php(92): Dispatcher->dispatch(Object(CakeRequest), Object(CakeResponse))
#1 {main}
2012-11-14 06:07:08 Error: [MissingControllerException] Controller class Favicon.icoController could not be found.
#0 /Library/WebServer/Documents/thorpe-obazee/app/webroot/index.php(92): Dispatcher->dispatch(Object(CakeRequest), Object(CakeResponse))
#1 {main}
2012-11-14 06:07:10 Error: [MissingControllerException] Controller class Favicon.icoController could not be found.
#0 /Library/WebServer/Documents/thorpe-obazee/app/webroot/index.php(92): Dispatcher->dispatch(Object(CakeRequest), Object(CakeResponse))
#1 {main}
2012-11-14 06:07:14 Error: [MissingControllerException] Controller class Favicon.icoController could not be found.
#0 /Library/WebServer/Documents/thorpe-obazee/app/webroot/index.php(92): Dispatcher->dispatch(Object(CakeRequest), Object(CakeResponse))
#1 {main}
2012-11-14 06:07:23 Error: [MissingControllerException] Controller class Favicon.icoController could not be found.
#0 /Library/WebServer/Documents/thorpe-obazee/app/webroot/index.php(92): Dispatcher->dispatch(Object(CakeRequest), Object(CakeResponse))
#1 {main}
2012-11-14 06:07:26 Error: [MissingControllerException] Controller class Favicon.icoController could not be found.
#0 /Library/WebServer/Documents/thorpe-obazee/app/webroot/index.php(92): Dispatcher->dispatch(Object(CakeRequest), Object(CakeResponse))
#1 {main}
2012-11-14 06:09:03 Error: [MissingActionException] Action PostsController::admin_index() could not be found.
#0 /Library/WebServer/Documents/thorpe-obazee/lib/Cake/Routing/Dispatcher.php(186): Controller->invokeAction(Object(CakeRequest))
#1 /Library/WebServer/Documents/thorpe-obazee/lib/Cake/Routing/Dispatcher.php(161): Dispatcher->_invoke(Object(PostsController), Object(CakeRequest), Object(CakeResponse))
#2 /Library/WebServer/Documents/thorpe-obazee/app/webroot/index.php(92): Dispatcher->dispatch(Object(CakeRequest), Object(CakeResponse))
#3 {main}
2012-11-14 06:09:04 Error: [MissingControllerException] Controller class Favicon.icoController could not be found.
#0 /Library/WebServer/Documents/thorpe-obazee/app/webroot/index.php(92): Dispatcher->dispatch(Object(CakeRequest), Object(CakeResponse))
#1 {main}
2012-11-14 06:09:34 Error: [MissingActionException] Action PostsController::admin_index() could not be found.
#0 /Library/WebServer/Documents/thorpe-obazee/lib/Cake/Routing/Dispatcher.php(186): Controller->invokeAction(Object(CakeRequest))
#1 /Library/WebServer/Documents/thorpe-obazee/lib/Cake/Routing/Dispatcher.php(161): Dispatcher->_invoke(Object(PostsController), Object(CakeRequest), Object(CakeResponse))
#2 /Library/WebServer/Documents/thorpe-obazee/app/webroot/index.php(92): Dispatcher->dispatch(Object(CakeRequest), Object(CakeResponse))
#3 {main}
2012-11-14 06:09:36 Error: [MissingControllerException] Controller class Favicon.icoController could not be found.
#0 /Library/WebServer/Documents/thorpe-obazee/app/webroot/index.php(92): Dispatcher->dispatch(Object(CakeRequest), Object(CakeResponse))
#1 {main}
2012-11-14 06:09:50 Error: [MissingActionException] Action PostsController::admin_index() could not be found.
#0 /Library/WebServer/Documents/thorpe-obazee/lib/Cake/Routing/Dispatcher.php(186): Controller->invokeAction(Object(CakeRequest))
#1 /Library/WebServer/Documents/thorpe-obazee/lib/Cake/Routing/Dispatcher.php(161): Dispatcher->_invoke(Object(PostsController), Object(CakeRequest), Object(CakeResponse))
#2 /Library/WebServer/Documents/thorpe-obazee/app/webroot/index.php(92): Dispatcher->dispatch(Object(CakeRequest), Object(CakeResponse))
#3 {main}
2012-11-14 06:09:55 Error: [MissingControllerException] Controller class Favicon.icoController could not be found.
#0 /Library/WebServer/Documents/thorpe-obazee/app/webroot/index.php(92): Dispatcher->dispatch(Object(CakeRequest), Object(CakeResponse))
#1 {main}
2012-11-14 06:10:03 Error: [MissingControllerException] Controller class Favicon.icoController could not be found.
#0 /Library/WebServer/Documents/thorpe-obazee/app/webroot/index.php(92): Dispatcher->dispatch(Object(CakeRequest), Object(CakeResponse))
#1 {main}
2012-11-14 06:10:27 Error: [MissingControllerException] Controller class Favicon.icoController could not be found.
#0 /Library/WebServer/Documents/thorpe-obazee/app/webroot/index.php(92): Dispatcher->dispatch(Object(CakeRequest), Object(CakeResponse))
#1 {main}
2012-11-14 06:10:29 Error: [NotFoundException] Invalid Post
#0 [internal function]: PostsController->admin_edit()
#1 /Library/WebServer/Documents/thorpe-obazee/lib/Cake/Controller/Controller.php(485): ReflectionMethod->invokeArgs(Object(PostsController), Array)
#2 /Library/WebServer/Documents/thorpe-obazee/lib/Cake/Routing/Dispatcher.php(186): Controller->invokeAction(Object(CakeRequest))
#3 /Library/WebServer/Documents/thorpe-obazee/lib/Cake/Routing/Dispatcher.php(161): Dispatcher->_invoke(Object(PostsController), Object(CakeRequest), Object(CakeResponse))
#4 /Library/WebServer/Documents/thorpe-obazee/app/webroot/index.php(92): Dispatcher->dispatch(Object(CakeRequest), Object(CakeResponse))
#5 {main}
2012-11-14 06:10:30 Error: [MissingControllerException] Controller class Favicon.icoController could not be found.
#0 /Library/WebServer/Documents/thorpe-obazee/app/webroot/index.php(92): Dispatcher->dispatch(Object(CakeRequest), Object(CakeResponse))
#1 {main}
2012-11-14 06:12:44 Error: [NotFoundException] Invalid Post
#0 [internal function]: PostsController->admin_edit()
#1 /Library/WebServer/Documents/thorpe-obazee/lib/Cake/Controller/Controller.php(485): ReflectionMethod->invokeArgs(Object(PostsController), Array)
#2 /Library/WebServer/Documents/thorpe-obazee/lib/Cake/Routing/Dispatcher.php(186): Controller->invokeAction(Object(CakeRequest))
#3 /Library/WebServer/Documents/thorpe-obazee/lib/Cake/Routing/Dispatcher.php(161): Dispatcher->_invoke(Object(PostsController), Object(CakeRequest), Object(CakeResponse))
#4 /Library/WebServer/Documents/thorpe-obazee/app/webroot/index.php(92): Dispatcher->dispatch(Object(CakeRequest), Object(CakeResponse))
#5 {main}
2012-11-14 06:12:46 Error: [MissingControllerException] Controller class Favicon.icoController could not be found.
#0 /Library/WebServer/Documents/thorpe-obazee/app/webroot/index.php(92): Dispatcher->dispatch(Object(CakeRequest), Object(CakeResponse))
#1 {main}
2012-11-14 06:12:53 Error: [NotFoundException] Invalid Post
#0 [internal function]: PostsController->admin_edit()
#1 /Library/WebServer/Documents/thorpe-obazee/lib/Cake/Controller/Controller.php(485): ReflectionMethod->invokeArgs(Object(PostsController), Array)
#2 /Library/WebServer/Documents/thorpe-obazee/lib/Cake/Routing/Dispatcher.php(186): Controller->invokeAction(Object(CakeRequest))
#3 /Library/WebServer/Documents/thorpe-obazee/lib/Cake/Routing/Dispatcher.php(161): Dispatcher->_invoke(Object(PostsController), Object(CakeRequest), Object(CakeResponse))
#4 /Library/WebServer/Documents/thorpe-obazee/app/webroot/index.php(92): Dispatcher->dispatch(Object(CakeRequest), Object(CakeResponse))
#5 {main}
2012-11-14 06:12:54 Error: [MissingControllerException] Controller class Favicon.icoController could not be found.
#0 /Library/WebServer/Documents/thorpe-obazee/app/webroot/index.php(92): Dispatcher->dispatch(Object(CakeRequest), Object(CakeResponse))
#1 {main}
2012-11-14 06:13:19 Error: [NotFoundException] Invalid Post
#0 [internal function]: PostsController->admin_edit()
#1 /Library/WebServer/Documents/thorpe-obazee/lib/Cake/Controller/Controller.php(485): ReflectionMethod->invokeArgs(Object(PostsController), Array)
#2 /Library/WebServer/Documents/thorpe-obazee/lib/Cake/Routing/Dispatcher.php(186): Controller->invokeAction(Object(CakeRequest))
#3 /Library/WebServer/Documents/thorpe-obazee/lib/Cake/Routing/Dispatcher.php(161): Dispatcher->_invoke(Object(PostsController), Object(CakeRequest), Object(CakeResponse))
#4 /Library/WebServer/Documents/thorpe-obazee/app/webroot/index.php(92): Dispatcher->dispatch(Object(CakeRequest), Object(CakeResponse))
#5 {main}
2012-11-14 06:13:21 Error: [MissingControllerException] Controller class Favicon.icoController could not be found.
#0 /Library/WebServer/Documents/thorpe-obazee/app/webroot/index.php(92): Dispatcher->dispatch(Object(CakeRequest), Object(CakeResponse))
#1 {main}
2012-11-14 06:13:23 Error: [MissingControllerException] Controller class Favicon.icoController could not be found.
#0 /Library/WebServer/Documents/thorpe-obazee/app/webroot/index.php(92): Dispatcher->dispatch(Object(CakeRequest), Object(CakeResponse))
#1 {main}
2012-11-14 06:13:25 Error: [MissingControllerException] Controller class Favicon.icoController could not be found.
#0 /Library/WebServer/Documents/thorpe-obazee/app/webroot/index.php(92): Dispatcher->dispatch(Object(CakeRequest), Object(CakeResponse))
#1 {main}
2012-11-14 06:13:52 Error: [MissingControllerException] Controller class Favicon.icoController could not be found.
#0 /Library/WebServer/Documents/thorpe-obazee/app/webroot/index.php(92): Dispatcher->dispatch(Object(CakeRequest), Object(CakeResponse))
#1 {main}
2012-11-14 06:13:52 Error: [NotFoundException] Invalid Post
#0 [internal function]: PostsController->admin_edit('11')
#1 /Library/WebServer/Documents/thorpe-obazee/lib/Cake/Controller/Controller.php(485): ReflectionMethod->invokeArgs(Object(PostsController), Array)
#2 /Library/WebServer/Documents/thorpe-obazee/lib/Cake/Routing/Dispatcher.php(186): Controller->invokeAction(Object(CakeRequest))
#3 /Library/WebServer/Documents/thorpe-obazee/lib/Cake/Routing/Dispatcher.php(161): Dispatcher->_invoke(Object(PostsController), Object(CakeRequest), Object(CakeResponse))
#4 /Library/WebServer/Documents/thorpe-obazee/app/webroot/index.php(92): Dispatcher->dispatch(Object(CakeRequest), Object(CakeResponse))
#5 {main}
2012-11-14 06:13:53 Error: [MissingControllerException] Controller class Favicon.icoController could not be found.
#0 /Library/WebServer/Documents/thorpe-obazee/app/webroot/index.php(92): Dispatcher->dispatch(Object(CakeRequest), Object(CakeResponse))
#1 {main}
2012-11-14 06:13:59 Error: Fatal Error (4): parse error in [/Library/WebServer/Documents/thorpe-obazee/app/View/Themed/PollableGreen/Posts/admin_edit.ctp, line 13]
2012-11-14 06:13:59 Error: [FatalErrorException] parse error
#0 /Library/WebServer/Documents/thorpe-obazee/lib/Cake/Error/ErrorHandler.php(161): ErrorHandler::handleFatalError(4, 'parse error', '/Library/WebSer...', 13)
#1 [internal function]: ErrorHandler::handleError(4, 'parse error', '/Library/WebSer...', 13, Array)
#2 /Library/WebServer/Documents/thorpe-obazee/lib/Cake/Core/App.php(926): call_user_func('ErrorHandler::h...', 4, 'parse error', '/Library/WebSer...', 13, Array)
#3 /Library/WebServer/Documents/thorpe-obazee/lib/Cake/Core/App.php(899): App::_checkFatalError()
#4 [internal function]: App::shutdown()
#5 {main}
2012-11-14 06:14:01 Error: Fatal Error (4): parse error in [/Library/WebServer/Documents/thorpe-obazee/app/View/Themed/PollableGreen/Posts/admin_edit.ctp, line 13]
2012-11-14 06:14:01 Error: [FatalErrorException] parse error
#0 /Library/WebServer/Documents/thorpe-obazee/lib/Cake/Error/ErrorHandler.php(161): ErrorHandler::handleFatalError(4, 'parse error', '/Library/WebSer...', 13)
#1 [internal function]: ErrorHandler::handleError(4, 'parse error', '/Library/WebSer...', 13, Array)
#2 /Library/WebServer/Documents/thorpe-obazee/lib/Cake/Core/App.php(926): call_user_func('ErrorHandler::h...', 4, 'parse error', '/Library/WebSer...', 13, Array)
#3 /Library/WebServer/Documents/thorpe-obazee/lib/Cake/Core/App.php(899): App::_checkFatalError()
#4 [internal function]: App::shutdown()
#5 {main}
2012-11-14 06:14:03 Error: Fatal Error (4): parse error in [/Library/WebServer/Documents/thorpe-obazee/app/View/Themed/PollableGreen/Posts/admin_edit.ctp, line 13]
2012-11-14 06:14:03 Error: [FatalErrorException] parse error
#0 /Library/WebServer/Documents/thorpe-obazee/lib/Cake/Error/ErrorHandler.php(161): ErrorHandler::handleFatalError(4, 'parse error', '/Library/WebSer...', 13)
#1 [internal function]: ErrorHandler::handleError(4, 'parse error', '/Library/WebSer...', 13, Array)
#2 /Library/WebServer/Documents/thorpe-obazee/lib/Cake/Core/App.php(926): call_user_func('ErrorHandler::h...', 4, 'parse error', '/Library/WebSer...', 13, Array)
#3 /Library/WebServer/Documents/thorpe-obazee/lib/Cake/Core/App.php(899): App::_checkFatalError()
#4 [internal function]: App::shutdown()
#5 {main}
2012-11-14 06:14:05 Error: Fatal Error (4): parse error in [/Library/WebServer/Documents/thorpe-obazee/app/View/Themed/PollableGreen/Posts/admin_edit.ctp, line 13]
2012-11-14 06:14:05 Error: [FatalErrorException] parse error
#0 /Library/WebServer/Documents/thorpe-obazee/lib/Cake/Error/ErrorHandler.php(161): ErrorHandler::handleFatalError(4, 'parse error', '/Library/WebSer...', 13)
#1 [internal function]: ErrorHandler::handleError(4, 'parse error', '/Library/WebSer...', 13, Array)
#2 /Library/WebServer/Documents/thorpe-obazee/lib/Cake/Core/App.php(926): call_user_func('ErrorHandler::h...', 4, 'parse error', '/Library/WebSer...', 13, Array)
#3 /Library/WebServer/Documents/thorpe-obazee/lib/Cake/Core/App.php(899): App::_checkFatalError()
#4 [internal function]: App::shutdown()
#5 {main}
2012-11-14 06:14:34 Error: [NotFoundException] Invalid Post
#0 [internal function]: PostsController->admin_edit('11')
#1 /Library/WebServer/Documents/thorpe-obazee/lib/Cake/Controller/Controller.php(485): ReflectionMethod->invokeArgs(Object(PostsController), Array)
#2 /Library/WebServer/Documents/thorpe-obazee/lib/Cake/Routing/Dispatcher.php(186): Controller->invokeAction(Object(CakeRequest))
#3 /Library/WebServer/Documents/thorpe-obazee/lib/Cake/Routing/Dispatcher.php(161): Dispatcher->_invoke(Object(PostsController), Object(CakeRequest), Object(CakeResponse))
#4 /Library/WebServer/Documents/thorpe-obazee/app/webroot/index.php(92): Dispatcher->dispatch(Object(CakeRequest), Object(CakeResponse))
#5 {main}
2012-11-14 06:14:36 Error: [MissingControllerException] Controller class Favicon.icoController could not be found.
#0 /Library/WebServer/Documents/thorpe-obazee/app/webroot/index.php(92): Dispatcher->dispatch(Object(CakeRequest), Object(CakeResponse))
#1 {main}
2012-11-14 06:15:28 Error: Fatal Error (4): parse error in [/Library/WebServer/Documents/thorpe-obazee/app/View/Themed/PollableGreen/Posts/admin_edit.ctp, line 13]
2012-11-14 06:15:28 Error: [FatalErrorException] parse error
#0 /Library/WebServer/Documents/thorpe-obazee/lib/Cake/Error/ErrorHandler.php(161): ErrorHandler::handleFatalError(4, 'parse error', '/Library/WebSer...', 13)
#1 [internal function]: ErrorHandler::handleError(4, 'parse error', '/Library/WebSer...', 13, Array)
#2 /Library/WebServer/Documents/thorpe-obazee/lib/Cake/Core/App.php(926): call_user_func('ErrorHandler::h...', 4, 'parse error', '/Library/WebSer...', 13, Array)
#3 /Library/WebServer/Documents/thorpe-obazee/lib/Cake/Core/App.php(899): App::_checkFatalError()
#4 [internal function]: App::shutdown()
#5 {main}
2012-11-14 06:15:32 Error: Fatal Error (4): parse error in [/Library/WebServer/Documents/thorpe-obazee/app/View/Themed/PollableGreen/Posts/admin_edit.ctp, line 13]
2012-11-14 06:15:32 Error: [FatalErrorException] parse error
#0 /Library/WebServer/Documents/thorpe-obazee/lib/Cake/Error/ErrorHandler.php(161): ErrorHandler::handleFatalError(4, 'parse error', '/Library/WebSer...', 13)
#1 [internal function]: ErrorHandler::handleError(4, 'parse error', '/Library/WebSer...', 13, Array)
#2 /Library/WebServer/Documents/thorpe-obazee/lib/Cake/Core/App.php(926): call_user_func('ErrorHandler::h...', 4, 'parse error', '/Library/WebSer...', 13, Array)
#3 /Library/WebServer/Documents/thorpe-obazee/lib/Cake/Core/App.php(899): App::_checkFatalError()
#4 [internal function]: App::shutdown()
#5 {main}
2012-11-14 06:15:53 Error: [NotFoundException] Invalid Post
#0 [internal function]: PostsController->admin_edit('11')
#1 /Library/WebServer/Documents/thorpe-obazee/lib/Cake/Controller/Controller.php(485): ReflectionMethod->invokeArgs(Object(PostsController), Array)
#2 /Library/WebServer/Documents/thorpe-obazee/lib/Cake/Routing/Dispatcher.php(186): Controller->invokeAction(Object(CakeRequest))
#3 /Library/WebServer/Documents/thorpe-obazee/lib/Cake/Routing/Dispatcher.php(161): Dispatcher->_invoke(Object(PostsController), Object(CakeRequest), Object(CakeResponse))
#4 /Library/WebServer/Documents/thorpe-obazee/app/webroot/index.php(92): Dispatcher->dispatch(Object(CakeRequest), Object(CakeResponse))
#5 {main}
2012-11-14 06:15:55 Error: [MissingControllerException] Controller class Favicon.icoController could not be found.
#0 /Library/WebServer/Documents/thorpe-obazee/app/webroot/index.php(92): Dispatcher->dispatch(Object(CakeRequest), Object(CakeResponse))
#1 {main}
2012-11-14 06:16:06 Error: [NotFoundException] Invalid Post
#0 [internal function]: PostsController->admin_edit('11')
#1 /Library/WebServer/Documents/thorpe-obazee/lib/Cake/Controller/Controller.php(485): ReflectionMethod->invokeArgs(Object(PostsController), Array)
#2 /Library/WebServer/Documents/thorpe-obazee/lib/Cake/Routing/Dispatcher.php(186): Controller->invokeAction(Object(CakeRequest))
#3 /Library/WebServer/Documents/thorpe-obazee/lib/Cake/Routing/Dispatcher.php(161): Dispatcher->_invoke(Object(PostsController), Object(CakeRequest), Object(CakeResponse))
#4 /Library/WebServer/Documents/thorpe-obazee/app/webroot/index.php(92): Dispatcher->dispatch(Object(CakeRequest), Object(CakeResponse))
#5 {main}
2012-11-14 06:16:08 Error: [MissingControllerException] Controller class Favicon.icoController could not be found.
#0 /Library/WebServer/Documents/thorpe-obazee/app/webroot/index.php(92): Dispatcher->dispatch(Object(CakeRequest), Object(CakeResponse))
#1 {main}
2012-11-14 06:16:52 Error: [NotFoundException] Invalid Post
#0 [internal function]: PostsController->admin_edit('11')
#1 /Library/WebServer/Documents/thorpe-obazee/lib/Cake/Controller/Controller.php(485): ReflectionMethod->invokeArgs(Object(PostsController), Array)
#2 /Library/WebServer/Documents/thorpe-obazee/lib/Cake/Routing/Dispatcher.php(186): Controller->invokeAction(Object(CakeRequest))
#3 /Library/WebServer/Documents/thorpe-obazee/lib/Cake/Routing/Dispatcher.php(161): Dispatcher->_invoke(Object(PostsController), Object(CakeRequest), Object(CakeResponse))
#4 /Library/WebServer/Documents/thorpe-obazee/app/webroot/index.php(92): Dispatcher->dispatch(Object(CakeRequest), Object(CakeResponse))
#5 {main}
2012-11-14 06:16:53 Error: [MissingControllerException] Controller class Favicon.icoController could not be found.
#0 /Library/WebServer/Documents/thorpe-obazee/app/webroot/index.php(92): Dispatcher->dispatch(Object(CakeRequest), Object(CakeResponse))
#1 {main}
2012-11-14 06:17:29 Error: [MissingActionException] Action PostsController::admin_edit() could not be found.
#0 /Library/WebServer/Documents/thorpe-obazee/lib/Cake/Routing/Dispatcher.php(186): Controller->invokeAction(Object(CakeRequest))
#1 /Library/WebServer/Documents/thorpe-obazee/lib/Cake/Routing/Dispatcher.php(161): Dispatcher->_invoke(Object(PostsController), Object(CakeRequest), Object(CakeResponse))
#2 /Library/WebServer/Documents/thorpe-obazee/app/webroot/index.php(92): Dispatcher->dispatch(Object(CakeRequest), Object(CakeResponse))
#3 {main}
2012-11-14 06:17:30 Error: [MissingControllerException] Controller class Favicon.icoController could not be found.
#0 /Library/WebServer/Documents/thorpe-obazee/app/webroot/index.php(92): Dispatcher->dispatch(Object(CakeRequest), Object(CakeResponse))
#1 {main}
2012-11-14 06:17:46 Error: [MissingControllerException] Controller class Favicon.icoController could not be found.
#0 /Library/WebServer/Documents/thorpe-obazee/app/webroot/index.php(92): Dispatcher->dispatch(Object(CakeRequest), Object(CakeResponse))
#1 {main}
2012-11-14 06:18:10 Error: [NotFoundException] Invalid Post
#0 [internal function]: PostsController->admin_edit('11')
#1 /Library/WebServer/Documents/thorpe-obazee/lib/Cake/Controller/Controller.php(485): ReflectionMethod->invokeArgs(Object(PostsController), Array)
#2 /Library/WebServer/Documents/thorpe-obazee/lib/Cake/Routing/Dispatcher.php(186): Controller->invokeAction(Object(CakeRequest))
#3 /Library/WebServer/Documents/thorpe-obazee/lib/Cake/Routing/Dispatcher.php(161): Dispatcher->_invoke(Object(PostsController), Object(CakeRequest), Object(CakeResponse))
#4 /Library/WebServer/Documents/thorpe-obazee/app/webroot/index.php(92): Dispatcher->dispatch(Object(CakeRequest), Object(CakeResponse))
#5 {main}
2012-11-14 06:18:12 Error: [MissingControllerException] Controller class Favicon.icoController could not be found.
#0 /Library/WebServer/Documents/thorpe-obazee/app/webroot/index.php(92): Dispatcher->dispatch(Object(CakeRequest), Object(CakeResponse))
#1 {main}
2012-11-14 06:18:57 Error: [MissingControllerException] Controller class Favicon.icoController could not be found.
#0 /Library/WebServer/Documents/thorpe-obazee/app/webroot/index.php(92): Dispatcher->dispatch(Object(CakeRequest), Object(CakeResponse))
#1 {main}
2012-11-14 06:19:12 Error: Fatal Error (4): parse error, expecting `')'' in [/Library/WebServer/Documents/thorpe-obazee/app/Config/routes.php, line 47]
2012-11-14 06:19:12 Error: [FatalErrorException] parse error, expecting `')''
#0 /Library/WebServer/Documents/thorpe-obazee/lib/Cake/Error/ErrorHandler.php(161): ErrorHandler::handleFatalError(4, 'parse error, ex...', '/Library/WebSer...', 47)
#1 [internal function]: ErrorHandler::handleError(4, 'parse error, ex...', '/Library/WebSer...', 47, Array)
#2 /Library/WebServer/Documents/thorpe-obazee/lib/Cake/Core/App.php(926): call_user_func('ErrorHandler::h...', 4, 'parse error, ex...', '/Library/WebSer...', 47, Array)
#3 /Library/WebServer/Documents/thorpe-obazee/lib/Cake/Core/App.php(899): App::_checkFatalError()
#4 [internal function]: App::shutdown()
#5 {main}
2012-11-14 06:19:24 Error: [NotFoundException] Invalid Post
#0 [internal function]: PostsController->admin_edit('11')
#1 /Library/WebServer/Documents/thorpe-obazee/lib/Cake/Controller/Controller.php(485): ReflectionMethod->invokeArgs(Object(PostsController), Array)
#2 /Library/WebServer/Documents/thorpe-obazee/lib/Cake/Routing/Dispatcher.php(186): Controller->invokeAction(Object(CakeRequest))
#3 /Library/WebServer/Documents/thorpe-obazee/lib/Cake/Routing/Dispatcher.php(161): Dispatcher->_invoke(Object(PostsController), Object(CakeRequest), Object(CakeResponse))
#4 /Library/WebServer/Documents/thorpe-obazee/app/webroot/index.php(92): Dispatcher->dispatch(Object(CakeRequest), Object(CakeResponse))
#5 {main}
2012-11-14 06:19:25 Error: [MissingControllerException] Controller class Favicon.icoController could not be found.
#0 /Library/WebServer/Documents/thorpe-obazee/app/webroot/index.php(92): Dispatcher->dispatch(Object(CakeRequest), Object(CakeResponse))
#1 {main}
2012-11-14 06:39:01 Error: [MissingControllerException] Controller class Favicon.icoController could not be found.
#0 /Library/WebServer/Documents/thorpe-obazee/app/webroot/index.php(92): Dispatcher->dispatch(Object(CakeRequest), Object(CakeResponse))
#1 {main}
2012-11-14 06:39:18 Error: [NotFoundException] Invalid Post
#0 [internal function]: PostsController->admin_edit('11')
#1 /Library/WebServer/Documents/thorpe-obazee/lib/Cake/Controller/Controller.php(485): ReflectionMethod->invokeArgs(Object(PostsController), Array)
#2 /Library/WebServer/Documents/thorpe-obazee/lib/Cake/Routing/Dispatcher.php(186): Controller->invokeAction(Object(CakeRequest))
#3 /Library/WebServer/Documents/thorpe-obazee/lib/Cake/Routing/Dispatcher.php(161): Dispatcher->_invoke(Object(PostsController), Object(CakeRequest), Object(CakeResponse))
#4 /Library/WebServer/Documents/thorpe-obazee/app/webroot/index.php(92): Dispatcher->dispatch(Object(CakeRequest), Object(CakeResponse))
#5 {main}
2012-11-14 06:39:18 Error: [MissingControllerException] Controller class Favicon.icoController could not be found.
#0 /Library/WebServer/Documents/thorpe-obazee/app/webroot/index.php(92): Dispatcher->dispatch(Object(CakeRequest), Object(CakeResponse))
#1 {main}
2012-11-14 06:39:46 Error: [NotFoundException] Invalid Post
#0 [internal function]: PostsController->admin_edit()
#1 /Library/WebServer/Documents/thorpe-obazee/lib/Cake/Controller/Controller.php(485): ReflectionMethod->invokeArgs(Object(PostsController), Array)
#2 /Library/WebServer/Documents/thorpe-obazee/lib/Cake/Routing/Dispatcher.php(186): Controller->invokeAction(Object(CakeRequest))
#3 /Library/WebServer/Documents/thorpe-obazee/lib/Cake/Routing/Dispatcher.php(161): Dispatcher->_invoke(Object(PostsController), Object(CakeRequest), Object(CakeResponse))
#4 /Library/WebServer/Documents/thorpe-obazee/app/webroot/index.php(92): Dispatcher->dispatch(Object(CakeRequest), Object(CakeResponse))
#5 {main}
2012-11-14 06:39:47 Error: [MissingControllerException] Controller class Favicon.icoController could not be found.
#0 /Library/WebServer/Documents/thorpe-obazee/app/webroot/index.php(92): Dispatcher->dispatch(Object(CakeRequest), Object(CakeResponse))
#1 {main}
2012-11-14 06:40:06 Error: [NotFoundException] Invalid Post
#0 [internal function]: PostsController->admin_edit('11')
#1 /Library/WebServer/Documents/thorpe-obazee/lib/Cake/Controller/Controller.php(485): ReflectionMethod->invokeArgs(Object(PostsController), Array)
#2 /Library/WebServer/Documents/thorpe-obazee/lib/Cake/Routing/Dispatcher.php(186): Controller->invokeAction(Object(CakeRequest))
#3 /Library/WebServer/Documents/thorpe-obazee/lib/Cake/Routing/Dispatcher.php(161): Dispatcher->_invoke(Object(PostsController), Object(CakeRequest), Object(CakeResponse))
#4 /Library/WebServer/Documents/thorpe-obazee/app/webroot/index.php(92): Dispatcher->dispatch(Object(CakeRequest), Object(CakeResponse))
#5 {main}
2012-11-14 06:40:09 Error: [MissingControllerException] Controller class Favicon.icoController could not be found.
#0 /Library/WebServer/Documents/thorpe-obazee/app/webroot/index.php(92): Dispatcher->dispatch(Object(CakeRequest), Object(CakeResponse))
#1 {main}
2012-11-14 06:40:16 Error: [NotFoundException] Invalid Post
#0 [internal function]: PostsController->admin_edit('11')
#1 /Library/WebServer/Documents/thorpe-obazee/lib/Cake/Controller/Controller.php(485): ReflectionMethod->invokeArgs(Object(PostsController), Array)
#2 /Library/WebServer/Documents/thorpe-obazee/lib/Cake/Routing/Dispatcher.php(186): Controller->invokeAction(Object(CakeRequest))
#3 /Library/WebServer/Documents/thorpe-obazee/lib/Cake/Routing/Dispatcher.php(161): Dispatcher->_invoke(Object(PostsController), Object(CakeRequest), Object(CakeResponse))
#4 /Library/WebServer/Documents/thorpe-obazee/app/webroot/index.php(92): Dispatcher->dispatch(Object(CakeRequest), Object(CakeResponse))
#5 {main}
2012-11-14 06:40:17 Error: [MissingControllerException] Controller class Favicon.icoController could not be found.
#0 /Library/WebServer/Documents/thorpe-obazee/app/webroot/index.php(92): Dispatcher->dispatch(Object(CakeRequest), Object(CakeResponse))
#1 {main}
2012-11-14 06:40:35 Error: [NotFoundException] Invalidfff Post
#0 [internal function]: PostsController->admin_edit('11')
#1 /Library/WebServer/Documents/thorpe-obazee/lib/Cake/Controller/Controller.php(485): ReflectionMethod->invokeArgs(Object(PostsController), Array)
#2 /Library/WebServer/Documents/thorpe-obazee/lib/Cake/Routing/Dispatcher.php(186): Controller->invokeAction(Object(CakeRequest))
#3 /Library/WebServer/Documents/thorpe-obazee/lib/Cake/Routing/Dispatcher.php(161): Dispatcher->_invoke(Object(PostsController), Object(CakeRequest), Object(CakeResponse))
#4 /Library/WebServer/Documents/thorpe-obazee/app/webroot/index.php(92): Dispatcher->dispatch(Object(CakeRequest), Object(CakeResponse))
#5 {main}
2012-11-14 06:40:37 Error: [MissingControllerException] Controller class Favicon.icoController could not be found.
#0 /Library/WebServer/Documents/thorpe-obazee/app/webroot/index.php(92): Dispatcher->dispatch(Object(CakeRequest), Object(CakeResponse))
#1 {main}
2012-11-14 06:41:13 Error: [MissingControllerException] Controller class Favicon.icoController could not be found.
#0 /Library/WebServer/Documents/thorpe-obazee/app/webroot/index.php(92): Dispatcher->dispatch(Object(CakeRequest), Object(CakeResponse))
#1 {main}
2012-11-14 06:42:33 Error: [MissingControllerException] Controller class Favicon.icoController could not be found.
#0 /Library/WebServer/Documents/thorpe-obazee/app/webroot/index.php(92): Dispatcher->dispatch(Object(CakeRequest), Object(CakeResponse))
#1 {main}
2012-11-14 06:43:12 Error: [NotFoundException] Invalid Post
#0 [internal function]: PostsController->admin_edit('11')
#1 /Library/WebServer/Documents/thorpe-obazee/lib/Cake/Controller/Controller.php(485): ReflectionMethod->invokeArgs(Object(PostsController), Array)
#2 /Library/WebServer/Documents/thorpe-obazee/lib/Cake/Routing/Dispatcher.php(186): Controller->invokeAction(Object(CakeRequest))
#3 /Library/WebServer/Documents/thorpe-obazee/lib/Cake/Routing/Dispatcher.php(161): Dispatcher->_invoke(Object(PostsController), Object(CakeRequest), Object(CakeResponse))
#4 /Library/WebServer/Documents/thorpe-obazee/app/webroot/index.php(92): Dispatcher->dispatch(Object(CakeRequest), Object(CakeResponse))
#5 {main}
2012-11-14 06:43:14 Error: [MissingControllerException] Controller class Favicon.icoController could not be found.
#0 /Library/WebServer/Documents/thorpe-obazee/app/webroot/index.php(92): Dispatcher->dispatch(Object(CakeRequest), Object(CakeResponse))
#1 {main}
2012-11-14 06:43:21 Error: [MissingControllerException] Controller class Favicon.icoController could not be found.
#0 /Library/WebServer/Documents/thorpe-obazee/app/webroot/index.php(92): Dispatcher->dispatch(Object(CakeRequest), Object(CakeResponse))
#1 {main}
2012-11-14 06:43:24 Error: [MissingControllerException] Controller class Favicon.icoController could not be found.
#0 /Library/WebServer/Documents/thorpe-obazee/app/webroot/index.php(92): Dispatcher->dispatch(Object(CakeRequest), Object(CakeResponse))
#1 {main}
2012-11-14 06:43:56 Error: [MissingControllerException] Controller class Favicon.icoController could not be found.
#0 /Library/WebServer/Documents/thorpe-obazee/app/webroot/index.php(92): Dispatcher->dispatch(Object(CakeRequest), Object(CakeResponse))
#1 {main}
2012-11-14 06:43:57 Error: [MissingControllerException] Controller class Favicon.icoController could not be found.
#0 /Library/WebServer/Documents/thorpe-obazee/app/webroot/index.php(92): Dispatcher->dispatch(Object(CakeRequest), Object(CakeResponse))
#1 {main}
2012-11-14 06:44:21 Error: [MissingControllerException] Controller class Favicon.icoController could not be found.
#0 /Library/WebServer/Documents/thorpe-obazee/app/webroot/index.php(92): Dispatcher->dispatch(Object(CakeRequest), Object(CakeResponse))
#1 {main}
2012-11-14 06:44:30 Error: [MissingControllerException] Controller class Favicon.icoController could not be found.
#0 /Library/WebServer/Documents/thorpe-obazee/app/webroot/index.php(92): Dispatcher->dispatch(Object(CakeRequest), Object(CakeResponse))
#1 {main}
2012-11-14 06:44:55 Error: [MissingControllerException] Controller class Favicon.icoController could not be found.
#0 /Library/WebServer/Documents/thorpe-obazee/app/webroot/index.php(92): Dispatcher->dispatch(Object(CakeRequest), Object(CakeResponse))
#1 {main}
2012-11-14 06:45:19 Error: [MissingControllerException] Controller class Favicon.icoController could not be found.
#0 /Library/WebServer/Documents/thorpe-obazee/app/webroot/index.php(92): Dispatcher->dispatch(Object(CakeRequest), Object(CakeResponse))
#1 {main}
2012-11-14 06:45:27 Error: [MissingControllerException] Controller class Favicon.icoController could not be found.
#0 /Library/WebServer/Documents/thorpe-obazee/app/webroot/index.php(92): Dispatcher->dispatch(Object(CakeRequest), Object(CakeResponse))
#1 {main}
2012-11-14 06:45:40 Error: [MissingControllerException] Controller class Favicon.icoController could not be found.
#0 /Library/WebServer/Documents/thorpe-obazee/app/webroot/index.php(92): Dispatcher->dispatch(Object(CakeRequest), Object(CakeResponse))
#1 {main}
2012-11-14 06:46:01 Error: [MissingControllerException] Controller class Favicon.icoController could not be found.
#0 /Library/WebServer/Documents/thorpe-obazee/app/webroot/index.php(92): Dispatcher->dispatch(Object(CakeRequest), Object(CakeResponse))
#1 {main}
2012-11-14 06:46:03 Error: [MissingControllerException] Controller class Favicon.icoController could not be found.
#0 /Library/WebServer/Documents/thorpe-obazee/app/webroot/index.php(92): Dispatcher->dispatch(Object(CakeRequest), Object(CakeResponse))
#1 {main}
2012-11-14 06:46:17 Error: [MissingControllerException] Controller class BlogsController could not be found.
#0 /Library/WebServer/Documents/thorpe-obazee/app/webroot/index.php(92): Dispatcher->dispatch(Object(CakeRequest), Object(CakeResponse))
#1 {main}
2012-11-14 06:46:18 Error: [MissingControllerException] Controller class Favicon.icoController could not be found.
#0 /Library/WebServer/Documents/thorpe-obazee/app/webroot/index.php(92): Dispatcher->dispatch(Object(CakeRequest), Object(CakeResponse))
#1 {main}
2012-11-14 06:46:24 Error: [MissingControllerException] Controller class BlogsController could not be found.
#0 /Library/WebServer/Documents/thorpe-obazee/app/webroot/index.php(92): Dispatcher->dispatch(Object(CakeRequest), Object(CakeResponse))
#1 {main}
2012-11-14 06:46:32 Error: [MissingControllerException] Controller class BlogsController could not be found.
#0 /Library/WebServer/Documents/thorpe-obazee/app/webroot/index.php(92): Dispatcher->dispatch(Object(CakeRequest), Object(CakeResponse))
#1 {main}
2012-11-14 06:46:32 Error: [MissingControllerException] Controller class Favicon.icoController could not be found.
#0 /Library/WebServer/Documents/thorpe-obazee/app/webroot/index.php(92): Dispatcher->dispatch(Object(CakeRequest), Object(CakeResponse))
#1 {main}
2012-11-14 06:46:33 Error: [MissingControllerException] Controller class Favicon.icoController could not be found.
#0 /Library/WebServer/Documents/thorpe-obazee/app/webroot/index.php(92): Dispatcher->dispatch(Object(CakeRequest), Object(CakeResponse))
#1 {main}
2012-11-14 06:46:40 Error: [MissingControllerException] Controller class Favicon.icoController could not be found.
#0 /Library/WebServer/Documents/thorpe-obazee/app/webroot/index.php(92): Dispatcher->dispatch(Object(CakeRequest), Object(CakeResponse))
#1 {main}
2012-11-14 06:46:51 Error: [MissingControllerException] Controller class Favicon.icoController could not be found.
#0 /Library/WebServer/Documents/thorpe-obazee/app/webroot/index.php(92): Dispatcher->dispatch(Object(CakeRequest), Object(CakeResponse))
#1 {main}
2012-11-14 06:46:54 Error: [MissingControllerException] Controller class Favicon.icoController could not be found.
#0 /Library/WebServer/Documents/thorpe-obazee/app/webroot/index.php(92): Dispatcher->dispatch(Object(CakeRequest), Object(CakeResponse))
#1 {main}
2012-11-14 06:47:09 Error: [MissingControllerException] Controller class Favicon.icoController could not be found.
#0 /Library/WebServer/Documents/thorpe-obazee/app/webroot/index.php(92): Dispatcher->dispatch(Object(CakeRequest), Object(CakeResponse))
#1 {main}
2012-11-14 06:47:11 Error: [MissingControllerException] Controller class Favicon.icoController could not be found.
#0 /Library/WebServer/Documents/thorpe-obazee/app/webroot/index.php(92): Dispatcher->dispatch(Object(CakeRequest), Object(CakeResponse))
#1 {main}
2012-11-14 06:47:50 Error: [MissingControllerException] Controller class Favicon.icoController could not be found.
#0 /Library/WebServer/Documents/thorpe-obazee/app/webroot/index.php(92): Dispatcher->dispatch(Object(CakeRequest), Object(CakeResponse))
#1 {main}
2012-11-14 06:47:57 Error: [MissingControllerException] Controller class Favicon.icoController could not be found.
#0 /Library/WebServer/Documents/thorpe-obazee/app/webroot/index.php(92): Dispatcher->dispatch(Object(CakeRequest), Object(CakeResponse))
#1 {main}
2012-11-14 06:48:00 Error: [MissingControllerException] Controller class Favicon.icoController could not be found.
#0 /Library/WebServer/Documents/thorpe-obazee/app/webroot/index.php(92): Dispatcher->dispatch(Object(CakeRequest), Object(CakeResponse))
#1 {main}
2012-11-14 06:48:03 Error: [MissingControllerException] Controller class Favicon.icoController could not be found.
#0 /Library/WebServer/Documents/thorpe-obazee/app/webroot/index.php(92): Dispatcher->dispatch(Object(CakeRequest), Object(CakeResponse))
#1 {main}
2012-11-14 06:48:08 Error: [MissingControllerException] Controller class Favicon.icoController could not be found.
#0 /Library/WebServer/Documents/thorpe-obazee/app/webroot/index.php(92): Dispatcher->dispatch(Object(CakeRequest), Object(CakeResponse))
#1 {main}
2012-11-14 06:48:11 Error: [MissingControllerException] Controller class Favicon.icoController could not be found.
#0 /Library/WebServer/Documents/thorpe-obazee/app/webroot/index.php(92): Dispatcher->dispatch(Object(CakeRequest), Object(CakeResponse))
#1 {main}
2012-11-14 06:49:24 Error: [NotFoundException] Invalid Post
#0 [internal function]: PostsController->admin_edit()
#1 /Library/WebServer/Documents/thorpe-obazee/lib/Cake/Controller/Controller.php(485): ReflectionMethod->invokeArgs(Object(PostsController), Array)
#2 /Library/WebServer/Documents/thorpe-obazee/lib/Cake/Routing/Dispatcher.php(186): Controller->invokeAction(Object(CakeRequest))
#3 /Library/WebServer/Documents/thorpe-obazee/lib/Cake/Routing/Dispatcher.php(161): Dispatcher->_invoke(Object(PostsController), Object(CakeRequest), Object(CakeResponse))
#4 /Library/WebServer/Documents/thorpe-obazee/app/webroot/index.php(92): Dispatcher->dispatch(Object(CakeRequest), Object(CakeResponse))
#5 {main}
2012-11-14 06:49:26 Error: [MissingControllerException] Controller class Favicon.icoController could not be found.
#0 /Library/WebServer/Documents/thorpe-obazee/app/webroot/index.php(92): Dispatcher->dispatch(Object(CakeRequest), Object(CakeResponse))
#1 {main}
2012-11-14 06:49:28 Error: [MissingControllerException] Controller class Favicon.icoController could not be found.
#0 /Library/WebServer/Documents/thorpe-obazee/app/webroot/index.php(92): Dispatcher->dispatch(Object(CakeRequest), Object(CakeResponse))
#1 {main}
2012-11-14 06:49:31 Error: [NotFoundException] Invalid Post
#0 [internal function]: PostsController->admin_edit()
#1 /Library/WebServer/Documents/thorpe-obazee/lib/Cake/Controller/Controller.php(485): ReflectionMethod->invokeArgs(Object(PostsController), Array)
#2 /Library/WebServer/Documents/thorpe-obazee/lib/Cake/Routing/Dispatcher.php(186): Controller->invokeAction(Object(CakeRequest))
#3 /Library/WebServer/Documents/thorpe-obazee/lib/Cake/Routing/Dispatcher.php(161): Dispatcher->_invoke(Object(PostsController), Object(CakeRequest), Object(CakeResponse))
#4 /Library/WebServer/Documents/thorpe-obazee/app/webroot/index.php(92): Dispatcher->dispatch(Object(CakeRequest), Object(CakeResponse))
#5 {main}
2012-11-14 06:49:31 Error: [MissingControllerException] Controller class Favicon.icoController could not be found.
#0 /Library/WebServer/Documents/thorpe-obazee/app/webroot/index.php(92): Dispatcher->dispatch(Object(CakeRequest), Object(CakeResponse))
#1 {main}
2012-11-14 06:49:38 Error: [MissingControllerException] Controller class Favicon.icoController could not be found.
#0 /Library/WebServer/Documents/thorpe-obazee/app/webroot/index.php(92): Dispatcher->dispatch(Object(CakeRequest), Object(CakeResponse))
#1 {main}
2012-11-14 06:49:40 Error: [MissingControllerException] Controller class Favicon.icoController could not be found.
#0 /Library/WebServer/Documents/thorpe-obazee/app/webroot/index.php(92): Dispatcher->dispatch(Object(CakeRequest), Object(CakeResponse))
#1 {main}
2012-11-14 06:49:42 Error: [MissingControllerException] Controller class Favicon.icoController could not be found.
#0 /Library/WebServer/Documents/thorpe-obazee/app/webroot/index.php(92): Dispatcher->dispatch(Object(CakeRequest), Object(CakeResponse))
#1 {main}
2012-11-14 06:49:45 Error: [MissingControllerException] Controller class Favicon.icoController could not be found.
#0 /Library/WebServer/Documents/thorpe-obazee/app/webroot/index.php(92): Dispatcher->dispatch(Object(CakeRequest), Object(CakeResponse))
#1 {main}
2012-11-14 06:49:47 Error: [MissingControllerException] Controller class Favicon.icoController could not be found.
#0 /Library/WebServer/Documents/thorpe-obazee/app/webroot/index.php(92): Dispatcher->dispatch(Object(CakeRequest), Object(CakeResponse))
#1 {main}
2012-11-14 06:50:53 Error: Fatal Error (4): parse error in [/Library/WebServer/Documents/thorpe-obazee/app/Controller/PostsController.php, line 76]
2012-11-14 06:50:53 Error: [FatalErrorException] parse error
#0 /Library/WebServer/Documents/thorpe-obazee/lib/Cake/Error/ErrorHandler.php(161): ErrorHandler::handleFatalError(4, 'parse error', '/Library/WebSer...', 76)
#1 [internal function]: ErrorHandler::handleError(4, 'parse error', '/Library/WebSer...', 76, Array)
#2 /Library/WebServer/Documents/thorpe-obazee/lib/Cake/Core/App.php(926): call_user_func('ErrorHandler::h...', 4, 'parse error', '/Library/WebSer...', 76, Array)
#3 /Library/WebServer/Documents/thorpe-obazee/lib/Cake/Core/App.php(899): App::_checkFatalError()
#4 [internal function]: App::shutdown()
#5 {main}
2012-11-14 06:51:12 Error: [MissingControllerException] Controller class Favicon.icoController could not be found.
#0 /Library/WebServer/Documents/thorpe-obazee/app/webroot/index.php(92): Dispatcher->dispatch(Object(CakeRequest), Object(CakeResponse))
#1 {main}
2012-11-14 06:51:15 Error: [MissingControllerException] Controller class Favicon.icoController could not be found.
#0 /Library/WebServer/Documents/thorpe-obazee/app/webroot/index.php(92): Dispatcher->dispatch(Object(CakeRequest), Object(CakeResponse))
#1 {main}
2012-11-14 06:51:52 Error: [MissingControllerException] Controller class Favicon.icoController could not be found.
#0 /Library/WebServer/Documents/thorpe-obazee/app/webroot/index.php(92): Dispatcher->dispatch(Object(CakeRequest), Object(CakeResponse))
#1 {main}
2012-11-14 06:52:03 Error: [MissingControllerException] Controller class Favicon.icoController could not be found.
#0 /Library/WebServer/Documents/thorpe-obazee/app/webroot/index.php(92): Dispatcher->dispatch(Object(CakeRequest), Object(CakeResponse))
#1 {main}
2012-11-14 06:52:06 Error: [MissingControllerException] Controller class Favicon.icoController could not be found.
#0 /Library/WebServer/Documents/thorpe-obazee/app/webroot/index.php(92): Dispatcher->dispatch(Object(CakeRequest), Object(CakeResponse))
#1 {main}
2012-11-14 06:53:49 Error: [MissingControllerException] Controller class Favicon.icoController could not be found.
#0 /Library/WebServer/Documents/thorpe-obazee/app/webroot/index.php(92): Dispatcher->dispatch(Object(CakeRequest), Object(CakeResponse))
#1 {main}
2012-11-14 06:53:56 Error: [MissingControllerException] Controller class Favicon.icoController could not be found.
#0 /Library/WebServer/Documents/thorpe-obazee/app/webroot/index.php(92): Dispatcher->dispatch(Object(CakeRequest), Object(CakeResponse))
#1 {main}
2012-11-14 06:54:40 Error: [MissingControllerException] Controller class Favicon.icoController could not be found.
#0 /Library/WebServer/Documents/thorpe-obazee/app/webroot/index.php(92): Dispatcher->dispatch(Object(CakeRequest), Object(CakeResponse))
#1 {main}
2012-11-14 06:55:27 Error: [MissingControllerException] Controller class Favicon.icoController could not be found.
#0 /Library/WebServer/Documents/thorpe-obazee/app/webroot/index.php(92): Dispatcher->dispatch(Object(CakeRequest), Object(CakeResponse))
#1 {main}
2012-11-14 06:55:31 Error: [MissingControllerException] Controller class Favicon.icoController could not be found.
#0 /Library/WebServer/Documents/thorpe-obazee/app/webroot/index.php(92): Dispatcher->dispatch(Object(CakeRequest), Object(CakeResponse))
#1 {main}
2012-11-14 06:55:39 Error: [MissingControllerException] Controller class Favicon.icoController could not be found.
#0 /Library/WebServer/Documents/thorpe-obazee/app/webroot/index.php(92): Dispatcher->dispatch(Object(CakeRequest), Object(CakeResponse))
#1 {main}
2012-11-15 06:42:59 Error: [MissingControllerException] Controller class Favicon.icoController could not be found.
#0 /Library/WebServer/Documents/thorpe-obazee/app/webroot/index.php(92): Dispatcher->dispatch(Object(CakeRequest), Object(CakeResponse))
#1 {main}
2012-11-15 07:14:12 Error: [MissingControllerException] Controller class Favicon.icoController could not be found.
#0 /Library/WebServer/Documents/thorpe-obazee/app/webroot/index.php(92): Dispatcher->dispatch(Object(CakeRequest), Object(CakeResponse))
#1 {main}
2012-11-15 10:16:10 Error: [MissingControllerException] Controller class Favicon.icoController could not be found.
#0 /Library/WebServer/Documents/thorpe-obazee/app/webroot/index.php(92): Dispatcher->dispatch(Object(CakeRequest), Object(CakeResponse))
#1 {main}
2012-11-15 10:16:16 Error: [MissingControllerException] Controller class Favicon.icoController could not be found.
#0 /Library/WebServer/Documents/thorpe-obazee/app/webroot/index.php(92): Dispatcher->dispatch(Object(CakeRequest), Object(CakeResponse))
#1 {main}
2012-11-15 10:16:18 Error: [MissingControllerException] Controller class Favicon.icoController could not be found.
#0 /Library/WebServer/Documents/thorpe-obazee/app/webroot/index.php(92): Dispatcher->dispatch(Object(CakeRequest), Object(CakeResponse))
#1 {main}
2012-11-15 10:16:21 Error: [MissingControllerException] Controller class Favicon.icoController could not be found.
#0 /Library/WebServer/Documents/thorpe-obazee/app/webroot/index.php(92): Dispatcher->dispatch(Object(CakeRequest), Object(CakeResponse))
#1 {main}
2012-11-15 10:16:24 Error: [MissingControllerException] Controller class Favicon.icoController could not be found.
#0 /Library/WebServer/Documents/thorpe-obazee/app/webroot/index.php(92): Dispatcher->dispatch(Object(CakeRequest), Object(CakeResponse))
#1 {main}
2012-11-15 10:16:32 Error: [MissingControllerException] Controller class Favicon.icoController could not be found.
#0 /Library/WebServer/Documents/thorpe-obazee/app/webroot/index.php(92): Dispatcher->dispatch(Object(CakeRequest), Object(CakeResponse))
#1 {main}
2012-11-15 10:16:34 Error: [MissingControllerException] Controller class Favicon.icoController could not be found.
#0 /Library/WebServer/Documents/thorpe-obazee/app/webroot/index.php(92): Dispatcher->dispatch(Object(CakeRequest), Object(CakeResponse))
#1 {main}
2012-11-15 10:18:40 Error: [MissingControllerException] Controller class Favicon.icoController could not be found.
#0 /Library/WebServer/Documents/thorpe-obazee/app/webroot/index.php(92): Dispatcher->dispatch(Object(CakeRequest), Object(CakeResponse))
#1 {main}
2012-11-15 10:19:01 Error: [MissingControllerException] Controller class Favicon.icoController could not be found.
#0 /Library/WebServer/Documents/thorpe-obazee/app/webroot/index.php(92): Dispatcher->dispatch(Object(CakeRequest), Object(CakeResponse))
#1 {main}
2012-11-15 10:30:42 Error: [MissingControllerException] Controller class Favicon.icoController could not be found.
#0 /Library/WebServer/Documents/thorpe-obazee/app/webroot/index.php(92): Dispatcher->dispatch(Object(CakeRequest), Object(CakeResponse))
#1 {main}
2012-11-15 14:56:19 Error: [MissingControllerException] Controller class Favicon.icoController could not be found.
#0 /Library/WebServer/Documents/thorpe-obazee/app/webroot/index.php(92): Dispatcher->dispatch(Object(CakeRequest), Object(CakeResponse))
#1 {main}
2012-11-16 02:55:25 Error: [MissingControllerException] Controller class Favicon.icoController could not be found.
#0 /Library/WebServer/Documents/thorpe-obazee/app/webroot/index.php(92): Dispatcher->dispatch(Object(CakeRequest), Object(CakeResponse))
#1 {main}
2012-11-16 02:55:28 Error: [MissingControllerException] Controller class Favicon.icoController could not be found.
#0 /Library/WebServer/Documents/thorpe-obazee/app/webroot/index.php(92): Dispatcher->dispatch(Object(CakeRequest), Object(CakeResponse))
#1 {main}
2012-11-16 03:01:19 Error: [MissingControllerException] Controller class Favicon.icoController could not be found.
#0 /Library/WebServer/Documents/thorpe-obazee/app/webroot/index.php(92): Dispatcher->dispatch(Object(CakeRequest), Object(CakeResponse))
#1 {main}
2012-11-16 03:01:21 Error: [MissingControllerException] Controller class Favicon.icoController could not be found.
#0 /Library/WebServer/Documents/thorpe-obazee/app/webroot/index.php(92): Dispatcher->dispatch(Object(CakeRequest), Object(CakeResponse))
#1 {main}
2012-11-16 03:01:23 Error: [MissingControllerException] Controller class Favicon.icoController could not be found.
#0 /Library/WebServer/Documents/thorpe-obazee/app/webroot/index.php(92): Dispatcher->dispatch(Object(CakeRequest), Object(CakeResponse))
#1 {main}
2012-11-16 03:01:24 Error: [MissingControllerException] Controller class Favicon.icoController could not be found.
#0 /Library/WebServer/Documents/thorpe-obazee/app/webroot/index.php(92): Dispatcher->dispatch(Object(CakeRequest), Object(CakeResponse))
#1 {main}
2012-11-16 16:40:27 Error: [MissingControllerException] Controller class Favicon.icoController could not be found.
#0 /Library/WebServer/Documents/thorpe-obazee/app/webroot/index.php(92): Dispatcher->dispatch(Object(CakeRequest), Object(CakeResponse))
#1 {main}
2012-11-16 16:41:27 Error: [MissingControllerException] Controller class Favicon.icoController could not be found.
#0 /Library/WebServer/Documents/thorpe-obazee/app/webroot/index.php(92): Dispatcher->dispatch(Object(CakeRequest), Object(CakeResponse))
#1 {main}
2012-11-16 16:41:33 Error: [MissingControllerException] Controller class Favicon.icoController could not be found.
#0 /Library/WebServer/Documents/thorpe-obazee/app/webroot/index.php(92): Dispatcher->dispatch(Object(CakeRequest), Object(CakeResponse))
#1 {main}
2012-11-18 05:13:42 Error: [MissingControllerException] Controller class Favicon.icoController could not be found.
#0 /Library/WebServer/Documents/thorpe-obazee/app/webroot/index.php(92): Dispatcher->dispatch(Object(CakeRequest), Object(CakeResponse))
#1 {main}
2012-11-18 05:13:56 Error: [MissingControllerException] Controller class Favicon.icoController could not be found.
#0 /Library/WebServer/Documents/thorpe-obazee/app/webroot/index.php(92): Dispatcher->dispatch(Object(CakeRequest), Object(CakeResponse))
#1 {main}
2012-11-18 05:14:17 Error: [MissingControllerException] Controller class Favicon.icoController could not be found.
#0 /Library/WebServer/Documents/thorpe-obazee/app/webroot/index.php(92): Dispatcher->dispatch(Object(CakeRequest), Object(CakeResponse))
#1 {main}
2012-11-18 05:14:20 Error: [MissingControllerException] Controller class Favicon.icoController could not be found.
#0 /Library/WebServer/Documents/thorpe-obazee/app/webroot/index.php(92): Dispatcher->dispatch(Object(CakeRequest), Object(CakeResponse))
#1 {main}
2012-11-18 05:14:22 Error: [MissingControllerException] Controller class Favicon.icoController could not be found.
#0 /Library/WebServer/Documents/thorpe-obazee/app/webroot/index.php(92): Dispatcher->dispatch(Object(CakeRequest), Object(CakeResponse))
#1 {main}
2012-11-18 05:14:25 Error: [MissingControllerException] Controller class Favicon.icoController could not be found.
#0 /Library/WebServer/Documents/thorpe-obazee/app/webroot/index.php(92): Dispatcher->dispatch(Object(CakeRequest), Object(CakeResponse))
#1 {main}
2012-11-19 08:30:06 Error: [MissingControllerException] Controller class Favicon.icoController could not be found.
#0 /Library/WebServer/Documents/thorpe-obazee/app/webroot/index.php(92): Dispatcher->dispatch(Object(CakeRequest), Object(CakeResponse))
#1 {main}
2012-11-19 08:30:11 Error: [MissingControllerException] Controller class Favicon.icoController could not be found.
#0 /Library/WebServer/Documents/thorpe-obazee/app/webroot/index.php(92): Dispatcher->dispatch(Object(CakeRequest), Object(CakeResponse))
#1 {main}
2012-11-19 08:30:13 Error: [MissingControllerException] Controller class Favicon.icoController could not be found.
#0 /Library/WebServer/Documents/thorpe-obazee/app/webroot/index.php(92): Dispatcher->dispatch(Object(CakeRequest), Object(CakeResponse))
#1 {main}
